<?xml version="1.0" encoding="UTF-8"?>
<testng-results ignored="0" total="3" passed="3" failed="0" skipped="0">
  <reporter-output>
  </reporter-output>
  <suite started-at="2020-04-01T01:12:44 EDT" name="Suite" finished-at="2020-04-01T01:13:35 EDT" duration-ms="51396">
    <groups>
    </groups>
    <test started-at="2020-04-01T01:12:44 EDT" name="Test" finished-at="2020-04-01T01:13:35 EDT" duration-ms="51396">
      <class name="HealthCare.Register">
        <test-method signature="createpatient()[pri:0, instance:HealthCare.Register@c540f5a]" started-at="2020-04-01T01:13:10 EDT" name="createpatient" finished-at="2020-04-01T01:13:35 EDT" duration-ms="25491" status="PASS">
          <reporter-output>
          </reporter-output>
        </test-method> <!-- createpatient -->
      </class> <!-- HealthCare.Register -->
      <class name="Test.google">
        <test-method signature="search_for_google()[pri:10, instance:Test.google@7bb58ca3]" started-at="2020-04-01T01:12:44 EDT" name="search_for_google" finished-at="2020-04-01T01:12:56 EDT" duration-ms="12083" status="PASS">
          <reporter-output>
          </reporter-output>
        </test-method> <!-- search_for_google -->
        <test-method signature="search_for_selenium()[pri:20, instance:Test.google@7bb58ca3]" started-at="2020-04-01T01:12:56 EDT" name="search_for_selenium" finished-at="2020-04-01T01:13:10 EDT" duration-ms="13780" status="PASS">
          <reporter-output>
          </reporter-output>
        </test-method> <!-- search_for_selenium -->
      </class> <!-- Test.google -->
    </test> <!-- Test -->
  </suite> <!-- Suite -->
</testng-results>
