<?xml version="1.0" encoding="UTF-8"?>
<testng-results ignored="0" total="2" passed="2" failed="0" skipped="0">
  <reporter-output>
  </reporter-output>
  <suite started-at="2020-04-01T00:54:10 EDT" name="Default suite" finished-at="2020-04-01T00:54:36 EDT" duration-ms="25882">
    <groups>
    </groups>
    <test started-at="2020-04-01T00:54:10 EDT" name="Default test" finished-at="2020-04-01T00:54:36 EDT" duration-ms="25882">
      <class name="Test.google">
        <test-method signature="search_for_google()[pri:10, instance:Test.google@5a955565]" started-at="2020-04-01T00:54:10 EDT" name="search_for_google" finished-at="2020-04-01T00:54:22 EDT" duration-ms="12013" status="PASS">
          <reporter-output>
          </reporter-output>
        </test-method> <!-- search_for_google -->
        <test-method signature="search_for_selenium()[pri:20, instance:Test.google@5a955565]" started-at="2020-04-01T00:54:22 EDT" name="search_for_selenium" finished-at="2020-04-01T00:54:36 EDT" duration-ms="13784" status="PASS">
          <reporter-output>
          </reporter-output>
        </test-method> <!-- search_for_selenium -->
      </class> <!-- Test.google -->
    </test> <!-- Default test -->
  </suite> <!-- Default suite -->
</testng-results>
